2023-01-26 12:20:44,536 - INFO: XGBoostClassifier, trial 0 best scores (AUC, validation set): 0.693 at 199 iterations
2023-01-26 12:22:19,113 - INFO: XGBoostClassifier, trial 1 best scores (AUC, validation set): 0.699 at 198 iterations
2023-01-26 12:23:28,212 - INFO: XGBoostClassifier, trial 2 best scores (AUC, validation set): 0.691 at 199 iterations
2023-01-26 12:25:05,125 - INFO: XGBoostClassifier, trial 3 best scores (AUC, validation set): 0.692 at 199 iterations
2023-01-26 12:27:43,541 - INFO: XGBoostClassifier, trial 4 best scores (AUC, validation set): 0.682 at 199 iterations
2023-01-26 12:30:27,908 - INFO: XGBoostClassifier, trial 5 best scores (AUC, validation set): 0.686 at 199 iterations
2023-01-26 12:31:37,257 - INFO: XGBoostClassifier, trial 6 best scores (AUC, validation set): 0.668 at 194 iterations
2023-01-26 12:33:14,392 - INFO: XGBoostClassifier, trial 7 best scores (AUC, validation set): 0.672 at 199 iterations
2023-01-26 12:34:53,834 - INFO: XGBoostClassifier, trial 8 best scores (AUC, validation set): 0.682 at 198 iterations
2023-01-26 12:37:35,847 - INFO: XGBoostClassifier, trial 9 best scores (AUC, validation set): 0.678 at 199 iterations
2023-01-26 12:39:36,478 - INFO: XGBoostClassifier, trial 10 best scores (AUC, validation set): 0.670 at 198 iterations
2023-01-26 12:41:46,919 - INFO: XGBoostClassifier, trial 11 best scores (AUC, validation set): 0.702 at 193 iterations
2023-01-26 12:43:56,202 - INFO: XGBoostClassifier, trial 12 best scores (AUC, validation set): 0.701 at 164 iterations
2023-01-26 12:46:08,471 - INFO: XGBoostClassifier, trial 13 best scores (AUC, validation set): 0.698 at 199 iterations
2023-01-26 12:48:19,358 - INFO: XGBoostClassifier, trial 14 best scores (AUC, validation set): 0.698 at 199 iterations
2023-01-26 12:50:28,287 - INFO: XGBoostClassifier, trial 15 best scores (AUC, validation set): 0.701 at 197 iterations
2023-01-26 12:52:41,691 - INFO: XGBoostClassifier, trial 16 best scores (AUC, validation set): 0.694 at 199 iterations
2023-01-26 12:54:51,578 - INFO: XGBoostClassifier, trial 17 best scores (AUC, validation set): 0.700 at 197 iterations
2023-01-26 12:56:33,836 - INFO: XGBoostClassifier, trial 18 best scores (AUC, validation set): 0.687 at 199 iterations
2023-01-26 12:59:18,448 - INFO: XGBoostClassifier, trial 19 best scores (AUC, validation set): 0.701 at 199 iterations
2023-01-26 13:01:30,603 - INFO: XGBoostClassifier, trial 20 best scores (AUC, validation set): 0.694 at 199 iterations
2023-01-26 13:03:40,837 - INFO: XGBoostClassifier, trial 21 best scores (AUC, validation set): 0.699 at 194 iterations
2023-01-26 13:05:30,579 - INFO: XGBoostClassifier, trial 22 best scores (AUC, validation set): 0.700 at 136 iterations
2023-01-26 13:07:44,679 - INFO: XGBoostClassifier, trial 23 best scores (AUC, validation set): 0.700 at 199 iterations
2023-01-26 13:09:28,898 - INFO: XGBoostClassifier, trial 24 best scores (AUC, validation set): 0.696 at 199 iterations
2023-01-26 13:11:18,406 - INFO: XGBoostClassifier, trial 25 best scores (AUC, validation set): 0.700 at 137 iterations
2023-01-26 13:14:04,870 - INFO: XGBoostClassifier, trial 26 best scores (AUC, validation set): 0.699 at 199 iterations
2023-01-26 13:16:19,571 - INFO: XGBoostClassifier, trial 27 best scores (AUC, validation set): 0.699 at 199 iterations
2023-01-26 13:18:06,637 - INFO: XGBoostClassifier, trial 28 best scores (AUC, validation set): 0.690 at 199 iterations
2023-01-26 13:20:54,800 - INFO: XGBoostClassifier, trial 29 best scores (AUC, validation set): 0.695 at 199 iterations
2023-01-26 13:23:14,640 - INFO: XGBoostClassifier, trial 30 best scores (AUC, validation set): 0.699 at 137 iterations
2023-01-26 13:26:02,616 - INFO: XGBoostClassifier, trial 31 best scores (AUC, validation set): 0.701 at 199 iterations
2023-01-26 13:44:42,749 - INFO: XGBoostClassifier, trial 33 best scores (AUC, validation set): 0.700 at 98 iterations
2023-01-26 13:46:41,981 - INFO: XGBoostClassifier, trial 34 best scores (AUC, validation set): 0.700 at 197 iterations
2023-01-26 13:49:18,943 - INFO: XGBoostClassifier, trial 35 best scores (AUC, validation set): 0.701 at 199 iterations
2023-01-26 13:50:30,003 - INFO: XGBoostClassifier, trial 36 best scores (AUC, validation set): 0.689 at 199 iterations
2023-01-26 13:52:15,604 - INFO: XGBoostClassifier, trial 37 best scores (AUC, validation set): 0.693 at 199 iterations
2023-01-26 13:54:07,674 - INFO: XGBoostClassifier, trial 38 best scores (AUC, validation set): 0.700 at 135 iterations
2023-01-26 13:56:22,363 - INFO: XGBoostClassifier, trial 39 best scores (AUC, validation set): 0.699 at 128 iterations
2023-01-26 13:58:09,674 - INFO: XGBoostClassifier, trial 40 best scores (AUC, validation set): 0.695 at 199 iterations
2023-01-26 14:01:00,825 - INFO: XGBoostClassifier, trial 41 best scores (AUC, validation set): 0.700 at 199 iterations
2023-01-26 14:03:49,694 - INFO: XGBoostClassifier, trial 42 best scores (AUC, validation set): 0.701 at 190 iterations
2023-01-26 14:06:06,121 - INFO: XGBoostClassifier, trial 43 best scores (AUC, validation set): 0.700 at 131 iterations
2023-01-26 14:08:55,009 - INFO: XGBoostClassifier, trial 44 best scores (AUC, validation set): 0.701 at 189 iterations
2023-01-26 14:10:49,397 - INFO: XGBoostClassifier, trial 45 best scores (AUC, validation set): 0.699 at 137 iterations
2023-01-26 14:13:38,563 - INFO: XGBoostClassifier, trial 46 best scores (AUC, validation set): 0.697 at 199 iterations
2023-01-26 14:15:53,533 - INFO: XGBoostClassifier, trial 47 best scores (AUC, validation set): 0.688 at 199 iterations
2023-01-26 14:17:10,214 - INFO: XGBoostClassifier, trial 48 best scores (AUC, validation set): 0.684 at 199 iterations
2023-01-26 14:19:24,944 - INFO: XGBoostClassifier, trial 49 best scores (AUC, validation set): 0.699 at 199 iterations
2023-01-26 14:21:28,407 - INFO: XGBoostClassifier, trial 50 best scores (AUC, validation set): 0.700 at 113 iterations
2023-01-26 14:23:48,195 - INFO: XGBoostClassifier, trial 51 best scores (AUC, validation set): 0.693 at 199 iterations
2023-01-26 14:26:27,558 - INFO: XGBoostClassifier, trial 52 best scores (AUC, validation set): 0.701 at 198 iterations
2023-01-26 14:28:42,633 - INFO: XGBoostClassifier, trial 53 best scores (AUC, validation set): 0.700 at 136 iterations
2023-01-26 14:31:18,627 - INFO: XGBoostClassifier, trial 54 best scores (AUC, validation set): 0.699 at 199 iterations
2023-01-26 14:33:54,322 - INFO: XGBoostClassifier, trial 55 best scores (AUC, validation set): 0.700 at 199 iterations
2023-01-26 14:36:04,390 - INFO: XGBoostClassifier, trial 56 best scores (AUC, validation set): 0.701 at 196 iterations
2023-01-26 14:37:51,275 - INFO: XGBoostClassifier, trial 57 best scores (AUC, validation set): 0.700 at 137 iterations
2023-01-26 14:39:59,747 - INFO: XGBoostClassifier, trial 58 best scores (AUC, validation set): 0.701 at 199 iterations
2023-01-26 14:42:09,405 - INFO: XGBoostClassifier, trial 59 best scores (AUC, validation set): 0.701 at 175 iterations
2023-01-26 14:44:21,245 - INFO: XGBoostClassifier, trial 60 best scores (AUC, validation set): 0.700 at 199 iterations
2023-01-26 14:46:00,161 - INFO: XGBoostClassifier, trial 61 best scores (AUC, validation set): 0.694 at 199 iterations
2023-01-26 14:48:10,621 - INFO: XGBoostClassifier, trial 62 best scores (AUC, validation set): 0.701 at 182 iterations
2023-01-26 14:50:19,497 - INFO: XGBoostClassifier, trial 63 best scores (AUC, validation set): 0.700 at 175 iterations
2023-01-26 14:52:15,652 - INFO: XGBoostClassifier, trial 64 best scores (AUC, validation set): 0.700 at 145 iterations
2023-01-26 14:54:22,255 - INFO: XGBoostClassifier, trial 65 best scores (AUC, validation set): 0.701 at 199 iterations
2023-01-26 14:56:28,864 - INFO: XGBoostClassifier, trial 66 best scores (AUC, validation set): 0.701 at 197 iterations
2023-01-26 14:58:37,907 - INFO: XGBoostClassifier, trial 67 best scores (AUC, validation set): 0.701 at 199 iterations
2023-01-26 15:00:18,271 - INFO: XGBoostClassifier, trial 68 best scores (AUC, validation set): 0.694 at 199 iterations
2023-01-26 15:02:23,264 - INFO: XGBoostClassifier, trial 69 best scores (AUC, validation set): 0.697 at 199 iterations
2023-01-26 15:04:30,474 - INFO: XGBoostClassifier, trial 70 best scores (AUC, validation set): 0.702 at 198 iterations
2023-01-26 15:06:38,982 - INFO: XGBoostClassifier, trial 71 best scores (AUC, validation set): 0.701 at 198 iterations
2023-01-26 15:08:46,649 - INFO: XGBoostClassifier, trial 72 best scores (AUC, validation set): 0.701 at 197 iterations
2023-01-26 15:10:53,284 - INFO: XGBoostClassifier, trial 73 best scores (AUC, validation set): 0.700 at 199 iterations
2023-01-26 15:12:58,313 - INFO: XGBoostClassifier, trial 74 best scores (AUC, validation set): 0.701 at 192 iterations
2023-01-26 15:15:05,840 - INFO: XGBoostClassifier, trial 75 best scores (AUC, validation set): 0.701 at 199 iterations
2023-01-26 15:16:44,719 - INFO: XGBoostClassifier, trial 76 best scores (AUC, validation set): 0.698 at 198 iterations
2023-01-26 15:18:51,730 - INFO: XGBoostClassifier, trial 77 best scores (AUC, validation set): 0.698 at 199 iterations
2023-01-26 15:20:57,320 - INFO: XGBoostClassifier, trial 78 best scores (AUC, validation set): 0.701 at 197 iterations
2023-01-26 15:23:31,078 - INFO: XGBoostClassifier, trial 79 best scores (AUC, validation set): 0.700 at 199 iterations
2023-01-26 15:25:36,014 - INFO: XGBoostClassifier, trial 80 best scores (AUC, validation set): 0.699 at 199 iterations
2023-01-26 15:27:41,101 - INFO: XGBoostClassifier, trial 81 best scores (AUC, validation set): 0.697 at 199 iterations
2023-01-26 15:29:48,212 - INFO: XGBoostClassifier, trial 82 best scores (AUC, validation set): 0.701 at 175 iterations
2023-01-26 15:31:54,764 - INFO: XGBoostClassifier, trial 83 best scores (AUC, validation set): 0.702 at 182 iterations
2023-01-26 15:33:55,741 - INFO: XGBoostClassifier, trial 84 best scores (AUC, validation set): 0.701 at 158 iterations
2023-01-26 15:36:02,725 - INFO: XGBoostClassifier, trial 85 best scores (AUC, validation set): 0.701 at 197 iterations
2023-01-26 15:38:40,243 - INFO: XGBoostClassifier, trial 86 best scores (AUC, validation set): 0.701 at 199 iterations
2023-01-26 15:41:16,498 - INFO: XGBoostClassifier, trial 87 best scores (AUC, validation set): 0.701 at 180 iterations
2023-01-26 15:43:56,464 - INFO: XGBoostClassifier, trial 88 best scores (AUC, validation set): 0.701 at 169 iterations
2023-01-26 15:46:35,772 - INFO: XGBoostClassifier, trial 89 best scores (AUC, validation set): 0.701 at 199 iterations
2023-01-26 15:49:14,634 - INFO: XGBoostClassifier, trial 90 best scores (AUC, validation set): 0.699 at 199 iterations
2023-01-26 15:51:54,164 - INFO: XGBoostClassifier, trial 91 best scores (AUC, validation set): 0.701 at 170 iterations
2023-01-26 15:54:33,761 - INFO: XGBoostClassifier, trial 92 best scores (AUC, validation set): 0.702 at 199 iterations
2023-01-26 16:40:15,855 - ERROR: Internal Python error in the inspect module.
Below is the traceback from this internal error.

2023-01-26 16:40:21,238 - INFO: 
Unfortunately, your original traceback can not be constructed.

2023-01-26 17:09:51,879 - INFO: Using categorical units to plot a list of strings that are all parsable as floats or dates. If these strings should be plotted as numbers, cast to the appropriate data type before plotting.
2023-01-26 17:09:51,944 - INFO: Using categorical units to plot a list of strings that are all parsable as floats or dates. If these strings should be plotted as numbers, cast to the appropriate data type before plotting.
2023-01-26 17:11:28,787 - INFO: Using categorical units to plot a list of strings that are all parsable as floats or dates. If these strings should be plotted as numbers, cast to the appropriate data type before plotting.
2023-01-26 17:11:28,793 - INFO: Using categorical units to plot a list of strings that are all parsable as floats or dates. If these strings should be plotted as numbers, cast to the appropriate data type before plotting.
2023-01-26 17:12:46,703 - INFO: Using categorical units to plot a list of strings that are all parsable as floats or dates. If these strings should be plotted as numbers, cast to the appropriate data type before plotting.
2023-01-26 17:12:46,709 - INFO: Using categorical units to plot a list of strings that are all parsable as floats or dates. If these strings should be plotted as numbers, cast to the appropriate data type before plotting.
2023-01-26 17:14:22,865 - INFO: Using categorical units to plot a list of strings that are all parsable as floats or dates. If these strings should be plotted as numbers, cast to the appropriate data type before plotting.
2023-01-26 17:14:22,871 - INFO: Using categorical units to plot a list of strings that are all parsable as floats or dates. If these strings should be plotted as numbers, cast to the appropriate data type before plotting.
